<?xml version="1.0" encoding="UTF-8"?>
<testsuite xmlns:xsi="http://www.w3.org/2001/XMLSchema-instance" xsi:noNamespaceSchemaLocation="https://maven.apache.org/surefire/maven-surefire-plugin/xsd/surefire-test-report-3.0.xsd" version="3.0" name="at.htlleonding.vehicle.GreetingResourceTest" time="19.315" tests="1" errors="0" skipped="0" failures="0">
  <properties>
[...]
</properties>
  <testcase name="testHelloEndpoint" classname="at.htlleonding.vehicle.GreetingResourceTest" time="3.117">
    <system-out><![CDATA[2023-11-26 15:44:21,458 INFO  [io.quarkus] (main) vehicle-demo 1.0.0-SNAPSHOT on JVM (powered by Quarkus 3.5.3) started in 8.256s. Listening on: http://localhost:8081
2023-11-26 15:44:21,460 INFO  [io.quarkus] (main) Profile test activated. 
2023-11-26 15:44:21,460 INFO  [io.quarkus] (main) Installed features: [cdi, kubernetes, resteasy-reactive, resteasy-reactive-jackson, smallrye-context-propagation, smallrye-openapi, swagger-ui, vertx]
]]></system-out>
  </testcase>
</testsuite>